c:\users\florentino garcia\desktop\stockbase egafutura\universidad\unitec\programación iii\parcial i.i\proyectoii\pagerank\pagerank2\pagerank\debug\vc141.pdb
c:\users\florentino garcia\desktop\stockbase egafutura\universidad\unitec\programación iii\parcial i.i\proyectoii\pagerank\pagerank2\pagerank\debug\vc141.idb
c:\users\florentino garcia\desktop\stockbase egafutura\universidad\unitec\programación iii\parcial i.i\proyectoii\pagerank\pagerank2\pagerank\debug\main.obj
c:\users\florentino garcia\desktop\stockbase egafutura\universidad\unitec\programación iii\parcial i.i\proyectoii\pagerank\pagerank2\pagerank\debug\pages.obj
c:\users\florentino garcia\desktop\universidad\unitec\programación iii\parcial i.i\proyectoii\pagerank\pagerank2\debug\pagerank.exe
c:\users\florentino garcia\desktop\universidad\unitec\programación iii\parcial i.i\proyectoii\pagerank\pagerank2\debug\pagerank.ilk
c:\users\florentino garcia\desktop\universidad\unitec\programación iii\parcial i.i\proyectoii\pagerank\pagerank2\debug\pagerank.pdb
c:\users\florentino garcia\desktop\stockbase egafutura\universidad\unitec\programación iii\parcial i.i\proyectoii\pagerank\pagerank2\debug\pagerank.pdb
c:\users\florentino garcia\desktop\stockbase egafutura\universidad\unitec\programación iii\parcial i.i\proyectoii\pagerank\pagerank2\pagerank\debug\pagerank.tlog\cl.command.1.tlog
c:\users\florentino garcia\desktop\stockbase egafutura\universidad\unitec\programación iii\parcial i.i\proyectoii\pagerank\pagerank2\pagerank\debug\pagerank.tlog\cl.read.1.tlog
c:\users\florentino garcia\desktop\stockbase egafutura\universidad\unitec\programación iii\parcial i.i\proyectoii\pagerank\pagerank2\pagerank\debug\pagerank.tlog\cl.write.1.tlog
c:\users\florentino garcia\desktop\stockbase egafutura\universidad\unitec\programación iii\parcial i.i\proyectoii\pagerank\pagerank2\pagerank\debug\pagerank.tlog\link.12804-cvtres.read.1.tlog
c:\users\florentino garcia\desktop\stockbase egafutura\universidad\unitec\programación iii\parcial i.i\proyectoii\pagerank\pagerank2\pagerank\debug\pagerank.tlog\link.12804-cvtres.write.1.tlog
c:\users\florentino garcia\desktop\stockbase egafutura\universidad\unitec\programación iii\parcial i.i\proyectoii\pagerank\pagerank2\pagerank\debug\pagerank.tlog\link.12804-rc.read.1.tlog
c:\users\florentino garcia\desktop\stockbase egafutura\universidad\unitec\programación iii\parcial i.i\proyectoii\pagerank\pagerank2\pagerank\debug\pagerank.tlog\link.12804-rc.write.1.tlog
c:\users\florentino garcia\desktop\stockbase egafutura\universidad\unitec\programación iii\parcial i.i\proyectoii\pagerank\pagerank2\pagerank\debug\pagerank.tlog\link.12804.read.1.tlog
c:\users\florentino garcia\desktop\stockbase egafutura\universidad\unitec\programación iii\parcial i.i\proyectoii\pagerank\pagerank2\pagerank\debug\pagerank.tlog\link.12804.write.1.tlog
c:\users\florentino garcia\desktop\stockbase egafutura\universidad\unitec\programación iii\parcial i.i\proyectoii\pagerank\pagerank2\pagerank\debug\pagerank.tlog\link.command.1.tlog
c:\users\florentino garcia\desktop\stockbase egafutura\universidad\unitec\programación iii\parcial i.i\proyectoii\pagerank\pagerank2\pagerank\debug\pagerank.tlog\link.read.1.tlog
c:\users\florentino garcia\desktop\stockbase egafutura\universidad\unitec\programación iii\parcial i.i\proyectoii\pagerank\pagerank2\pagerank\debug\pagerank.tlog\link.write.1.tlog
